2014-08-04 13:12:40,597 [7] INFO  LoggerDLL.LogObject [(null)] - -------------------------------------------------------------------------------------------------------------
                                             Applenium Started
-------------------------------------------------------------------------------------------------------------
2014-08-04 13:13:10,674 [9] ERROR LoggerDLL.LogObject [(null)] - The remote server returned an error: (403) Forbidden. - N/A
2014-08-04 13:13:35,681 [7] ERROR LoggerDLL.LogObject [(null)] - ********* Stopped by user ********** - N/A
2014-08-04 13:14:14,384 [7] INFO  LoggerDLL.LogObject [(null)] - -------------------------------------------------------------------------------------------------------------
                                             Applenium Started
-------------------------------------------------------------------------------------------------------------
2014-08-04 13:14:28,038 [9] ERROR LoggerDLL.LogObject [(null)] - The remote server returned an error: (403) Forbidden. - N/A
2014-08-04 13:14:38,075 [11] INFO  LoggerDLL.LogObject [(null)] - *-------------------------------------------------------------------------------------------------------------
										TST_hbgfhngfh Test Started
-------------------------------------------------------------------------------------------------------------

2014-08-04 13:14:38,104 [11] INFO  LoggerDLL.LogObject [(null)] - BatchName=N/A | BatchStatus=N/A | ScenarioName=N/A | ScenarioStatus=N/A | TestName=TST_hbgfhngfh | TestStatus=Started | StepName=N/A | StepStatus=N/A | Description=( Test=Started ) | ProjectName=N/A | ProjectPageName=N/A | ExecutionID=1407158077 | ExecutionTimeStamp=04/08/2014_13:14:37 | SnapShot=N/A | Browser=N/A
2014-08-04 13:14:38,139 [11] INFO  LoggerDLL.LogObject [(null)] - *-------------------------------------------------------------------------------------------------------------
										TST_hbgfhngfh Test Started
-------------------------------------------------------------------------------------------------------------

2014-08-04 13:14:38,154 [11] INFO  LoggerDLL.LogObject [(null)] - BatchName=N/A | BatchStatus=N/A | ScenarioName=N/A | ScenarioStatus=N/A | TestName=TST_hbgfhngfh | TestStatus=Started | StepName=N/A | StepStatus=N/A | Description=( Test=Started ) | ProjectName=N/A | ProjectPageName=N/A | ExecutionID=1407158077 | ExecutionTimeStamp=04/08/2014_13:14:37 | SnapShot=N/A | Browser=N/A
2014-08-04 13:14:39,214 [11] INFO  LoggerDLL.LogObject [(null)] - BatchName=N/A | BatchStatus=N/A | ScenarioName=N/A | ScenarioStatus=N/A | TestName=TST_hbgfhngfh | TestStatus=N/A | StepName=N/A | StepStatus=Passed | Description=( (Start Transaction: Name@ 8/4/2014 1:14:39 PM). Completed successfully. ) | ProjectName=TestDemoProject | ProjectPageName=N/A | ExecutionID=1407158077 | ExecutionTimeStamp=04/08/2014_13:14:37 | SnapShot=N/A | Browser=
2014-08-04 13:14:40,265 [11] INFO  LoggerDLL.LogObject [(null)] - BatchName=N/A | BatchStatus=N/A | ScenarioName=N/A | ScenarioStatus=N/A | TestName=TST_hbgfhngfh | TestStatus=N/A | StepName=OB_1Sec | StepStatus=Passed | Description=( (Sleeped for a while). Completed successfully. ) | ProjectName=TestDemoProject | ProjectPageName=N/A | ExecutionID=1407158077 | ExecutionTimeStamp=04/08/2014_13:14:37 | SnapShot=N/A | Browser=
2014-08-04 13:14:40,307 [11] INFO  LoggerDLL.LogObject [(null)] - BatchName=N/A | BatchStatus=N/A | ScenarioName=N/A | ScenarioStatus=N/A | TestName=TST_hbgfhngfh | TestStatus=N/A | StepName=OB_1Sec | StepStatus=Passed | Description=( (End Transaction: Name@ 8/4/2014 1:14:40 PM. Total transaction time: 00:00:01.1002120). Completed successfully. ) | ProjectName=TestDemoProject | ProjectPageName=N/A | ExecutionID=1407158077 | ExecutionTimeStamp=04/08/2014_13:14:37 | SnapShot=N/A | Browser=
2014-08-04 13:14:40,327 [11] INFO  LoggerDLL.LogObject [(null)] - BatchName=N/A | BatchStatus=N/A | ScenarioName=N/A | ScenarioStatus=N/A | TestName=TST_hbgfhngfh | TestStatus=Passed | StepName=N/A | StepStatus=N/A | Description=( N/A ) | ProjectName=TestDemoProject | ProjectPageName=N/A | ExecutionID=1407158077 | ExecutionTimeStamp=04/08/2014_13:14:37 | SnapShot=N/A | Browser=N/A
2014-08-04 13:14:40,351 [11] INFO  LoggerDLL.LogObject [(null)] - *-------------------------------------------------------------------------------------------------------------
										TST_hbgfhngfh Test Started
-------------------------------------------------------------------------------------------------------------

2014-08-04 13:14:40,364 [11] INFO  LoggerDLL.LogObject [(null)] - BatchName=N/A | BatchStatus=N/A | ScenarioName=N/A | ScenarioStatus=N/A | TestName=TST_hbgfhngfh | TestStatus=Started | StepName=OB_1Sec | StepStatus=N/A | Description=( Test=Started ) | ProjectName=TestDemoProject | ProjectPageName=N/A | ExecutionID=1407158077 | ExecutionTimeStamp=04/08/2014_13:14:37 | SnapShot=N/A | Browser=N/A
2014-08-04 13:14:40,396 [11] INFO  LoggerDLL.LogObject [(null)] - BatchName=N/A | BatchStatus=N/A | ScenarioName=N/A | ScenarioStatus=N/A | TestName=TST_hbgfhngfh | TestStatus=N/A | StepName=OB_1Sec | StepStatus=Passed | Description=( (Start Transaction: Name@ 8/4/2014 1:14:40 PM). Completed successfully. ) | ProjectName=TestDemoProject | ProjectPageName=N/A | ExecutionID=1407158077 | ExecutionTimeStamp=04/08/2014_13:14:37 | SnapShot=N/A | Browser=
2014-08-04 13:14:41,430 [11] INFO  LoggerDLL.LogObject [(null)] - BatchName=N/A | BatchStatus=N/A | ScenarioName=N/A | ScenarioStatus=N/A | TestName=TST_hbgfhngfh | TestStatus=N/A | StepName=OB_1Sec | StepStatus=Passed | Description=( (Sleeped for a while). Completed successfully. ) | ProjectName=TestDemoProject | ProjectPageName=N/A | ExecutionID=1407158077 | ExecutionTimeStamp=04/08/2014_13:14:37 | SnapShot=N/A | Browser=
2014-08-04 13:14:41,460 [11] INFO  LoggerDLL.LogObject [(null)] - BatchName=N/A | BatchStatus=N/A | ScenarioName=N/A | ScenarioStatus=N/A | TestName=TST_hbgfhngfh | TestStatus=N/A | StepName=OB_1Sec | StepStatus=Passed | Description=( (End Transaction: Name@ 8/4/2014 1:14:41 PM. Total transaction time: 00:00:01.0672120). Completed successfully. ) | ProjectName=TestDemoProject | ProjectPageName=N/A | ExecutionID=1407158077 | ExecutionTimeStamp=04/08/2014_13:14:37 | SnapShot=N/A | Browser=
2014-08-04 13:14:41,474 [11] INFO  LoggerDLL.LogObject [(null)] - BatchName=N/A | BatchStatus=N/A | ScenarioName=N/A | ScenarioStatus=N/A | TestName=TST_hbgfhngfh | TestStatus=Passed | StepName=N/A | StepStatus=N/A | Description=( N/A ) | ProjectName=TestDemoProject | ProjectPageName=N/A | ExecutionID=1407158077 | ExecutionTimeStamp=04/08/2014_13:14:37 | SnapShot=N/A | Browser=N/A
2014-08-04 13:15:45,322 [7] INFO  LoggerDLL.LogObject [(null)] - -------------------------------------------------------------------------------------------------------------
                                             Applenium Closed with driver  
-------------------------------------------------------------------------------------------------------------
2014-08-04 13:15:50,056 [18] ERROR LoggerDLL.LogObject [(null)] - Failed to close driver in new thread - N/A
2014-08-04 13:19:19,421 [8] INFO  LoggerDLL.LogObject [(null)] - -------------------------------------------------------------------------------------------------------------
                                             Applenium Started
-------------------------------------------------------------------------------------------------------------
2014-08-04 13:19:43,565 [10] ERROR LoggerDLL.LogObject [(null)] - The remote server returned an error: (403) Forbidden. - N/A
2014-08-04 13:19:57,440 [12] INFO  LoggerDLL.LogObject [(null)] - *-------------------------------------------------------------------------------------------------------------
										TST_hbgfhngfh Test Started
-------------------------------------------------------------------------------------------------------------

2014-08-04 13:19:57,518 [12] INFO  LoggerDLL.LogObject [(null)] - BatchName=N/A | BatchStatus=N/A | ScenarioName=N/A | ScenarioStatus=N/A | TestName=TST_hbgfhngfh | TestStatus=Started | StepName=N/A | StepStatus=N/A | Description=( Test=Started ) | ProjectName=N/A | ProjectPageName=N/A | ExecutionID=1407158397 | ExecutionTimeStamp=04/08/2014_13:19:57 | SnapShot=N/A | Browser=N/A
2014-08-04 13:19:57,551 [12] INFO  LoggerDLL.LogObject [(null)] - *-------------------------------------------------------------------------------------------------------------
										TST_hbgfhngfh Test Started
-------------------------------------------------------------------------------------------------------------

2014-08-04 13:19:57,560 [12] INFO  LoggerDLL.LogObject [(null)] - BatchName=N/A | BatchStatus=N/A | ScenarioName=N/A | ScenarioStatus=N/A | TestName=TST_hbgfhngfh | TestStatus=Started | StepName=N/A | StepStatus=N/A | Description=( Test=Started ) | ProjectName=N/A | ProjectPageName=N/A | ExecutionID=1407158397 | ExecutionTimeStamp=04/08/2014_13:19:57 | SnapShot=N/A | Browser=N/A
2014-08-04 13:19:57,678 [12] INFO  LoggerDLL.LogObject [(null)] - BatchName=N/A | BatchStatus=N/A | ScenarioName=N/A | ScenarioStatus=N/A | TestName=TST_hbgfhngfh | TestStatus=N/A | StepName=N/A | StepStatus=Passed | Description=( (Start Transaction: Name@ 2014-08-04 13:19:57.669). Completed successfully. ) | ProjectName=TestDemoProject | ProjectPageName=N/A | ExecutionID=1407158397 | ExecutionTimeStamp=04/08/2014_13:19:57 | SnapShot=N/A | Browser=
2014-08-04 13:19:58,727 [12] INFO  LoggerDLL.LogObject [(null)] - BatchName=N/A | BatchStatus=N/A | ScenarioName=N/A | ScenarioStatus=N/A | TestName=TST_hbgfhngfh | TestStatus=N/A | StepName=OB_1Sec | StepStatus=Passed | Description=( (Sleeped for a while). Completed successfully. ) | ProjectName=TestDemoProject | ProjectPageName=N/A | ExecutionID=1407158397 | ExecutionTimeStamp=04/08/2014_13:19:57 | SnapShot=N/A | Browser=
2014-08-04 13:19:58,793 [12] INFO  LoggerDLL.LogObject [(null)] - BatchName=N/A | BatchStatus=N/A | ScenarioName=N/A | ScenarioStatus=N/A | TestName=TST_hbgfhngfh | TestStatus=N/A | StepName=OB_1Sec | StepStatus=Passed | Description=( (End Transaction: Name@ 2014-08-04 13:19:58.781. Total transaction time: 00:00:01.1122120). Completed successfully. ) | ProjectName=TestDemoProject | ProjectPageName=N/A | ExecutionID=1407158397 | ExecutionTimeStamp=04/08/2014_13:19:57 | SnapShot=N/A | Browser=
2014-08-04 13:19:58,838 [12] INFO  LoggerDLL.LogObject [(null)] - BatchName=N/A | BatchStatus=N/A | ScenarioName=N/A | ScenarioStatus=N/A | TestName=TST_hbgfhngfh | TestStatus=Passed | StepName=N/A | StepStatus=N/A | Description=( N/A ) | ProjectName=TestDemoProject | ProjectPageName=N/A | ExecutionID=1407158397 | ExecutionTimeStamp=04/08/2014_13:19:57 | SnapShot=N/A | Browser=N/A
2014-08-04 13:19:58,885 [12] INFO  LoggerDLL.LogObject [(null)] - *-------------------------------------------------------------------------------------------------------------
										TST_hbgfhngfh Test Started
-------------------------------------------------------------------------------------------------------------

2014-08-04 13:19:58,896 [12] INFO  LoggerDLL.LogObject [(null)] - BatchName=N/A | BatchStatus=N/A | ScenarioName=N/A | ScenarioStatus=N/A | TestName=TST_hbgfhngfh | TestStatus=Started | StepName=OB_1Sec | StepStatus=N/A | Description=( Test=Started ) | ProjectName=TestDemoProject | ProjectPageName=N/A | ExecutionID=1407158397 | ExecutionTimeStamp=04/08/2014_13:19:57 | SnapShot=N/A | Browser=N/A
2014-08-04 13:19:58,957 [12] INFO  LoggerDLL.LogObject [(null)] - BatchName=N/A | BatchStatus=N/A | ScenarioName=N/A | ScenarioStatus=N/A | TestName=TST_hbgfhngfh | TestStatus=N/A | StepName=OB_1Sec | StepStatus=Passed | Description=( (Start Transaction: Name@ 2014-08-04 13:19:58.950). Completed successfully. ) | ProjectName=TestDemoProject | ProjectPageName=N/A | ExecutionID=1407158397 | ExecutionTimeStamp=04/08/2014_13:19:57 | SnapShot=N/A | Browser=
2014-08-04 13:20:00,020 [12] INFO  LoggerDLL.LogObject [(null)] - BatchName=N/A | BatchStatus=N/A | ScenarioName=N/A | ScenarioStatus=N/A | TestName=TST_hbgfhngfh | TestStatus=N/A | StepName=OB_1Sec | StepStatus=Passed | Description=( (Sleeped for a while). Completed successfully. ) | ProjectName=TestDemoProject | ProjectPageName=N/A | ExecutionID=1407158397 | ExecutionTimeStamp=04/08/2014_13:19:57 | SnapShot=N/A | Browser=
2014-08-04 13:20:00,081 [12] INFO  LoggerDLL.LogObject [(null)] - BatchName=N/A | BatchStatus=N/A | ScenarioName=N/A | ScenarioStatus=N/A | TestName=TST_hbgfhngfh | TestStatus=N/A | StepName=OB_1Sec | StepStatus=Passed | Description=( (End Transaction: Name@ 2014-08-04 13:20:00.070. Total transaction time: 00:00:01.1202120). Completed successfully. ) | ProjectName=TestDemoProject | ProjectPageName=N/A | ExecutionID=1407158397 | ExecutionTimeStamp=04/08/2014_13:19:57 | SnapShot=N/A | Browser=
2014-08-04 13:20:00,118 [12] INFO  LoggerDLL.LogObject [(null)] - BatchName=N/A | BatchStatus=N/A | ScenarioName=N/A | ScenarioStatus=N/A | TestName=TST_hbgfhngfh | TestStatus=Passed | StepName=N/A | StepStatus=N/A | Description=( N/A ) | ProjectName=TestDemoProject | ProjectPageName=N/A | ExecutionID=1407158397 | ExecutionTimeStamp=04/08/2014_13:19:57 | SnapShot=N/A | Browser=N/A
2014-08-04 13:43:33,530 [8] INFO  LoggerDLL.LogObject [(null)] - -------------------------------------------------------------------------------------------------------------
                                             Applenium Closed with driver  
-------------------------------------------------------------------------------------------------------------
2014-08-04 13:43:39,234 [16] ERROR LoggerDLL.LogObject [(null)] - Failed to close driver in new thread - N/A
